<?xml version="1.0" encoding="UTF-8"?>
<!-- Generated by org.testng.reporters.JUnitReportReporter -->
<testsuite hostname="LAPTOP-KQ9V90K9" failures="0" tests="3" name="api.test.UserReadTests" time="2.620" errors="0" timestamp="2025-07-10T19:12:46 IST" skipped="0">
  <testcase classname="api.test.UserReadTests" name="testGetUserByName" time="0.807"/>
  <testcase classname="api.test.UserReadTests" name="testGetUserWithInvalidId" time="0.742"/>
  <testcase classname="api.test.UserReadTests" name="testGetUserWithInvalidIdFormat" time="1.071"/>
</testsuite> <!-- api.test.UserReadTests -->
