<?xml version="1.0" encoding="UTF-8"?>
<!-- Generated by org.testng.reporters.JUnitReportReporter -->
<testsuite hostname="LAPTOP-KQ9V90K9" failures="0" tests="2" name="api.test.UserUpdateTests" time="1.557" errors="0" timestamp="2025-07-10T19:12:46 IST" skipped="0">
  <testcase classname="api.test.UserUpdateTests" name="testUpdateUserNameAndStatus" time="0.819"/>
  <testcase classname="api.test.UserUpdateTests" name="testUpdateUserWithInvalidID" time="0.738"/>
</testsuite> <!-- api.test.UserUpdateTests -->
