<?xml version="1.0" encoding="UTF-8"?>
<!-- Generated by org.testng.reporters.JUnitReportReporter -->
<testsuite hostname="LAPTOP-KQ9V90K9" failures="0" tests="4" name="api.test.UserTests2" time="7.911" errors="0" timestamp="2025-07-09T01:02:17 IST" skipped="0">
  <testcase classname="api.test.UserTests2" name="testPostUser" time="4.142"/>
  <testcase classname="api.test.UserTests2" name="testGetUserByName" time="1.215"/>
  <testcase classname="api.test.UserTests2" name="testUpdateUserByName" time="1.434"/>
  <testcase classname="api.test.UserTests2" name="testDeleteUser" time="1.120"/>
</testsuite> <!-- api.test.UserTests2 -->
