<?xml version="1.0" encoding="UTF-8"?>
<!-- Generated by org.testng.reporters.JUnitReportReporter -->
<testsuite hostname="LAPTOP-KQ9V90K9" failures="0" tests="4" name="api.test.UserTests" time="7.158" errors="0" timestamp="2025-07-09T19:07:29 IST" skipped="0">
  <testcase classname="api.test.UserTests" name="testPostUser" time="3.717"/>
  <testcase classname="api.test.UserTests" name="testGetUserByName" time="1.203"/>
  <testcase classname="api.test.UserTests" name="testUpdateUserByName" time="1.081"/>
  <testcase classname="api.test.UserTests" name="testDeleteUser" time="1.157"/>
</testsuite> <!-- api.test.UserTests -->
