<?xml version="1.0" encoding="UTF-8"?>
<!-- Generated by org.testng.reporters.JUnitReportReporter -->
<testsuite hostname="LAPTOP-KQ9V90K9" failures="0" tests="3" name="api.test.UserDeleteTests" time="2.122" errors="0" timestamp="2025-07-10T19:12:46 IST" skipped="0">
  <testcase classname="api.test.UserDeleteTests" name="testDeleteUserWithValidId" time="0.713"/>
  <testcase classname="api.test.UserDeleteTests" name="testDeleteAlreadyDeletedUser" time="0.714"/>
  <testcase classname="api.test.UserDeleteTests" name="testDeleteUserWithInvalidId" time="0.695"/>
</testsuite> <!-- api.test.UserDeleteTests -->
