<?xml version="1.0" encoding="UTF-8"?>
<!-- Generated by org.testng.reporters.JUnitReportReporter -->
<testsuite hostname="LAPTOP-KQ9V90K9" failures="0" tests="4" name="api.test.DDTTest" time="9.518" errors="0" timestamp="2025-07-09T00:31:11 IST" skipped="0">
  <testcase classname="api.test.DDTTest" name="testPostuser" time="1.164"/>
  <testcase classname="api.test.DDTTest" name="testPostuser" time="1.099"/>
  <testcase classname="api.test.DDTTest" name="testPostuser" time="4.339"/>
  <testcase classname="api.test.DDTTest" name="testDeleteUsers" time="2.916"/>
</testsuite> <!-- api.test.DDTTest -->
