<?xml version="1.0" encoding="UTF-8"?>
<!-- Generated by org.testng.reporters.JUnitReportReporter -->
<testsuite hostname="LAPTOP-KQ9V90K9" failures="0" tests="6" name="api.test.UserCreateTests" time="6.154" errors="0" timestamp="2025-07-10T19:12:46 IST" skipped="0">
  <testcase classname="api.test.UserCreateTests" name="testPostUser" time="1.697"/>
  <testcase classname="api.test.UserCreateTests" name="testCreateUserWithDuplicateEmail" time="0.818"/>
  <testcase classname="api.test.UserCreateTests" name="testCreateUserWithMissingFields" time="0.873"/>
  <testcase classname="api.test.UserCreateTests" name="testCreateUserWithInvalidEmailFormat" time="0.788"/>
  <testcase classname="api.test.UserCreateTests" name="testCreateUserWithoutAuthToken" time="1.210"/>
  <testcase classname="api.test.UserCreateTests" name="testCreateUserWithLongName" time="0.768"/>
</testsuite> <!-- api.test.UserCreateTests -->
