<?xml version="1.0" encoding="UTF-8"?>
<!-- Generated by org.testng.reporters.JUnitReportReporter -->
<testsuite hostname="LAPTOP-KQ9V90K9" failures="0" tests="4" name="api.test.UserTests" time="11.764" errors="0" timestamp="2025-07-09T13:22:05 IST" skipped="0">
  <testcase classname="api.test.UserTests" name="testPostUser" time="7.791"/>
  <testcase classname="api.test.UserTests" name="testGetUserByName" time="1.423"/>
  <testcase classname="api.test.UserTests" name="testUpdateUserByName" time="1.757"/>
  <testcase classname="api.test.UserTests" name="testDeleteUser" time="0.793"/>
</testsuite> <!-- api.test.UserTests -->
